<?xml version="1.0" encoding="UTF-8"?>
<robot generator="Robot 6.1.1 (Python 3.12.9 on win32)" generated="20260429 08:59:20.841" rpa="false" schemaversion="4">
<suite id="s1" name="Pratice3" source="C:\Users\iTservice\OneDrive\เอกสาร\pratice_Automate\pratice3.robot">
<kw name="Open Parking Price Calculator Page" type="SETUP">
<kw name="New Browser" library="Browser">
<arg>browser=chromium</arg>
<arg>headless=False</arg>
<tag>BrowserControl</tag>
<tag>Setter</tag>
<doc>Create a new playwright Browser with specified options.</doc>
<msg timestamp="20260429 08:59:21.239" level="INFO">{"browser": "chromium", "headless": false, "chromiumSandbox": false, "devtools": false, "handleSIGHUP": true, "handleSIGINT": true, "handleSIGTERM": true, "slowMo": 0.0, "timeout": 30000.0, "tracesDir": "C:\\Users\\iTservice\\OneDrive\\\u0e40\u0e2d\u0e01\u0e2a\u0e32\u0e23\\pratice_Automate\\results\\browser\\traces\\temp\\fea57bf6-8e21-4a65-94c8-586f6ff3d23d"}</msg>
<msg timestamp="20260429 08:59:21.879" level="INFO">Starting Browser process C:\Users\iTservice\AppData\Local\Programs\Python\Python312\Lib\site-packages\Browser\wrapper\index.js using at 127.0.0.1:35873</msg>
<msg timestamp="20260429 08:59:23.327" level="INFO">Successfully created browser with options: {"browser":"chromium","headless":false,"chromiumSandbox":false,"devtools":false,"handleSIGHUP":true,"handleSIGINT":true,"handleSIGTERM":true,"slowMo":0,"timeout":30000,"tracesDir":"C:\\Users\\iTservice\\OneDrive\\เอกสาร\\pratice_Automate\\results\\browser\\traces\\temp\\fea57bf6-8e21-4a65-94c8-586f6ff3d23d"}</msg>
<status status="PASS" starttime="20260429 08:59:21.239" endtime="20260429 08:59:23.327"/>
</kw>
<kw name="New Page" library="Browser">
<arg>${URL}</arg>
<tag>BrowserControl</tag>
<tag>Setter</tag>
<doc>Open a new Page.</doc>
<msg timestamp="20260429 08:59:27.825" level="INFO">Successfully initialized new page object and opened url: https://practice.expandtesting.com/webpark</msg>
<msg timestamp="20260429 08:59:27.825" level="INFO">No context was open. New context was automatically opened when this page is created.</msg>
<status status="PASS" starttime="20260429 08:59:23.328" endtime="20260429 08:59:27.825"/>
</kw>
<kw name="Set Browser Timeout" library="Browser">
<arg>20 seconds</arg>
<tag>Config</tag>
<tag>Setter</tag>
<doc>Sets the timeout used by most input and getter keywords.</doc>
<status status="PASS" starttime="20260429 08:59:27.825" endtime="20260429 08:59:27.828"/>
</kw>
<status status="PASS" starttime="20260429 08:59:21.238" endtime="20260429 08:59:27.828"/>
</kw>
<test id="s1-t1" name="TC-01 Under 1 hour" line="17">
<kw name="Calculate Parking Price Template">
<arg>Long-Term Garage Parking</arg>
<arg>2026-05-01</arg>
<arg>10:00</arg>
<arg>2026-05-01</arg>
<arg>10:30</arg>
<arg>2.00€</arg>
<kw name="Select Options By" library="Browser">
<arg>${PARKING_LOT_SELECT}</arg>
<arg>label</arg>
<arg>${parking_type}</arg>
<tag>PageContent</tag>
<tag>Setter</tag>
<doc>Selects options from select element found by ``selector``.</doc>
<msg timestamp="20260429 08:59:27.836" level="INFO">Selects the option(s) Long-Term Garage Parking by attribute SelectAttribute.label from element id=parkingLot.</msg>
<status status="PASS" starttime="20260429 08:59:27.836" endtime="20260429 08:59:27.890"/>
</kw>
<kw name="Fill Text" library="Browser">
<arg>${ENTRY_DATE}</arg>
<arg>${entry_d}</arg>
<tag>PageContent</tag>
<tag>Setter</tag>
<doc>Clears and fills the given ``txt`` into the text field found by ``selector``.</doc>
<msg timestamp="20260429 08:59:27.891" level="INFO">Fills the text '2026-05-01' in the given field.</msg>
<status status="PASS" starttime="20260429 08:59:27.890" endtime="20260429 08:59:27.905"/>
</kw>
<kw name="Fill Text" library="Browser">
<arg>${ENTRY_TIME}</arg>
<arg>${entry_t}</arg>
<tag>PageContent</tag>
<tag>Setter</tag>
<doc>Clears and fills the given ``txt`` into the text field found by ``selector``.</doc>
<msg timestamp="20260429 08:59:27.906" level="INFO">Fills the text '10:00' in the given field.</msg>
<status status="PASS" starttime="20260429 08:59:27.905" endtime="20260429 08:59:27.926"/>
</kw>
<kw name="Fill Text" library="Browser">
<arg>${EXIT_DATE}</arg>
<arg>${exit_d}</arg>
<tag>PageContent</tag>
<tag>Setter</tag>
<doc>Clears and fills the given ``txt`` into the text field found by ``selector``.</doc>
<msg timestamp="20260429 08:59:27.926" level="INFO">Fills the text '2026-05-01' in the given field.</msg>
<status status="PASS" starttime="20260429 08:59:27.926" endtime="20260429 08:59:27.946"/>
</kw>
<kw name="Fill Text" library="Browser">
<arg>${EXIT_TIME}</arg>
<arg>${exit_t}</arg>
<tag>PageContent</tag>
<tag>Setter</tag>
<doc>Clears and fills the given ``txt`` into the text field found by ``selector``.</doc>
<msg timestamp="20260429 08:59:27.947" level="INFO">Fills the text '10:30' in the given field.</msg>
<status status="PASS" starttime="20260429 08:59:27.946" endtime="20260429 08:59:27.962"/>
</kw>
<kw name="Click" library="Browser">
<arg>${CALCULATE_BTN}</arg>
<tag>PageContent</tag>
<tag>Setter</tag>
<doc>Simulates mouse click on the element found by ``selector``.</doc>
<msg timestamp="20260429 08:59:27.962" level="INFO">Clicks the element 'xpath=//button[contains(text(), 'Calculate')]'.</msg>
<status status="PASS" starttime="20260429 08:59:27.962" endtime="20260429 08:59:28.288"/>
</kw>
<kw name="Get Text" library="Browser">
<arg>${RESULT_PRICE}</arg>
<arg>contains</arg>
<arg>${expected}</arg>
<tag>Assertion</tag>
<tag>Getter</tag>
<tag>PageContent</tag>
<doc>Returns text attribute of the element found by ``selector``.</doc>
<msg timestamp="20260429 08:59:28.605" level="INFO">Text: '2.00€'</msg>
<status status="PASS" starttime="20260429 08:59:28.289" endtime="20260429 08:59:28.605"/>
</kw>
<kw name="Sleep" library="BuiltIn">
<arg>1s</arg>
<doc>Pauses the test executed for the given time.</doc>
<msg timestamp="20260429 08:59:29.606" level="INFO">Slept 1 second</msg>
<status status="PASS" starttime="20260429 08:59:28.606" endtime="20260429 08:59:29.606"/>
</kw>
<status status="PASS" starttime="20260429 08:59:27.835" endtime="20260429 08:59:29.606"/>
</kw>
<status status="PASS" starttime="20260429 08:59:27.828" endtime="20260429 08:59:29.606"/>
</test>
<test id="s1-t2" name="TC-02 Per hour" line="18">
<kw name="Calculate Parking Price Template">
<arg>Long-Term Garage Parking</arg>
<arg>2026-05-01</arg>
<arg>10:00</arg>
<arg>2026-05-01</arg>
<arg>11:00</arg>
<arg>2.00€</arg>
<kw name="Select Options By" library="Browser">
<arg>${PARKING_LOT_SELECT}</arg>
<arg>label</arg>
<arg>${parking_type}</arg>
<tag>PageContent</tag>
<tag>Setter</tag>
<doc>Selects options from select element found by ``selector``.</doc>
<msg timestamp="20260429 08:59:29.615" level="INFO">Selects the option(s) Long-Term Garage Parking by attribute SelectAttribute.label from element id=parkingLot.</msg>
<status status="PASS" starttime="20260429 08:59:29.615" endtime="20260429 08:59:29.630"/>
</kw>
<kw name="Fill Text" library="Browser">
<arg>${ENTRY_DATE}</arg>
<arg>${entry_d}</arg>
<tag>PageContent</tag>
<tag>Setter</tag>
<doc>Clears and fills the given ``txt`` into the text field found by ``selector``.</doc>
<msg timestamp="20260429 08:59:29.631" level="INFO">Fills the text '2026-05-01' in the given field.</msg>
<status status="PASS" starttime="20260429 08:59:29.630" endtime="20260429 08:59:29.641"/>
</kw>
<kw name="Fill Text" library="Browser">
<arg>${ENTRY_TIME}</arg>
<arg>${entry_t}</arg>
<tag>PageContent</tag>
<tag>Setter</tag>
<doc>Clears and fills the given ``txt`` into the text field found by ``selector``.</doc>
<msg timestamp="20260429 08:59:29.642" level="INFO">Fills the text '10:00' in the given field.</msg>
<status status="PASS" starttime="20260429 08:59:29.641" endtime="20260429 08:59:29.659"/>
</kw>
<kw name="Fill Text" library="Browser">
<arg>${EXIT_DATE}</arg>
<arg>${exit_d}</arg>
<tag>PageContent</tag>
<tag>Setter</tag>
<doc>Clears and fills the given ``txt`` into the text field found by ``selector``.</doc>
<msg timestamp="20260429 08:59:29.659" level="INFO">Fills the text '2026-05-01' in the given field.</msg>
<status status="PASS" starttime="20260429 08:59:29.659" endtime="20260429 08:59:29.674"/>
</kw>
<kw name="Fill Text" library="Browser">
<arg>${EXIT_TIME}</arg>
<arg>${exit_t}</arg>
<tag>PageContent</tag>
<tag>Setter</tag>
<doc>Clears and fills the given ``txt`` into the text field found by ``selector``.</doc>
<msg timestamp="20260429 08:59:29.676" level="INFO">Fills the text '11:00' in the given field.</msg>
<status status="PASS" starttime="20260429 08:59:29.674" endtime="20260429 08:59:29.693"/>
</kw>
<kw name="Click" library="Browser">
<arg>${CALCULATE_BTN}</arg>
<tag>PageContent</tag>
<tag>Setter</tag>
<doc>Simulates mouse click on the element found by ``selector``.</doc>
<msg timestamp="20260429 08:59:29.693" level="INFO">Clicks the element 'xpath=//button[contains(text(), 'Calculate')]'.</msg>
<status status="PASS" starttime="20260429 08:59:29.693" endtime="20260429 08:59:29.728"/>
</kw>
<kw name="Get Text" library="Browser">
<arg>${RESULT_PRICE}</arg>
<arg>contains</arg>
<arg>${expected}</arg>
<tag>Assertion</tag>
<tag>Getter</tag>
<tag>PageContent</tag>
<doc>Returns text attribute of the element found by ``selector``.</doc>
<msg timestamp="20260429 08:59:30.053" level="INFO">Text: '2.00€'</msg>
<status status="PASS" starttime="20260429 08:59:29.728" endtime="20260429 08:59:30.054"/>
</kw>
<kw name="Sleep" library="BuiltIn">
<arg>1s</arg>
<doc>Pauses the test executed for the given time.</doc>
<msg timestamp="20260429 08:59:31.055" level="INFO">Slept 1 second</msg>
<status status="PASS" starttime="20260429 08:59:30.054" endtime="20260429 08:59:31.055"/>
</kw>
<status status="PASS" starttime="20260429 08:59:29.614" endtime="20260429 08:59:31.055"/>
</kw>
<status status="PASS" starttime="20260429 08:59:29.610" endtime="20260429 08:59:31.055"/>
</test>
<test id="s1-t3" name="TC-03 Per day" line="19">
<kw name="Calculate Parking Price Template">
<arg>Long-Term Garage Parking</arg>
<arg>2026-05-01</arg>
<arg>10:00</arg>
<arg>2026-05-02</arg>
<arg>10:00</arg>
<arg>12.00€</arg>
<kw name="Select Options By" library="Browser">
<arg>${PARKING_LOT_SELECT}</arg>
<arg>label</arg>
<arg>${parking_type}</arg>
<tag>PageContent</tag>
<tag>Setter</tag>
<doc>Selects options from select element found by ``selector``.</doc>
<msg timestamp="20260429 08:59:31.063" level="INFO">Selects the option(s) Long-Term Garage Parking by attribute SelectAttribute.label from element id=parkingLot.</msg>
<status status="PASS" starttime="20260429 08:59:31.063" endtime="20260429 08:59:31.074"/>
</kw>
<kw name="Fill Text" library="Browser">
<arg>${ENTRY_DATE}</arg>
<arg>${entry_d}</arg>
<tag>PageContent</tag>
<tag>Setter</tag>
<doc>Clears and fills the given ``txt`` into the text field found by ``selector``.</doc>
<msg timestamp="20260429 08:59:31.074" level="INFO">Fills the text '2026-05-01' in the given field.</msg>
<status status="PASS" starttime="20260429 08:59:31.074" endtime="20260429 08:59:31.085"/>
</kw>
<kw name="Fill Text" library="Browser">
<arg>${ENTRY_TIME}</arg>
<arg>${entry_t}</arg>
<tag>PageContent</tag>
<tag>Setter</tag>
<doc>Clears and fills the given ``txt`` into the text field found by ``selector``.</doc>
<msg timestamp="20260429 08:59:31.086" level="INFO">Fills the text '10:00' in the given field.</msg>
<status status="PASS" starttime="20260429 08:59:31.085" endtime="20260429 08:59:31.100"/>
</kw>
<kw name="Fill Text" library="Browser">
<arg>${EXIT_DATE}</arg>
<arg>${exit_d}</arg>
<tag>PageContent</tag>
<tag>Setter</tag>
<doc>Clears and fills the given ``txt`` into the text field found by ``selector``.</doc>
<msg timestamp="20260429 08:59:31.101" level="INFO">Fills the text '2026-05-02' in the given field.</msg>
<status status="PASS" starttime="20260429 08:59:31.100" endtime="20260429 08:59:31.112"/>
</kw>
<kw name="Fill Text" library="Browser">
<arg>${EXIT_TIME}</arg>
<arg>${exit_t}</arg>
<tag>PageContent</tag>
<tag>Setter</tag>
<doc>Clears and fills the given ``txt`` into the text field found by ``selector``.</doc>
<msg timestamp="20260429 08:59:31.113" level="INFO">Fills the text '10:00' in the given field.</msg>
<status status="PASS" starttime="20260429 08:59:31.112" endtime="20260429 08:59:31.127"/>
</kw>
<kw name="Click" library="Browser">
<arg>${CALCULATE_BTN}</arg>
<tag>PageContent</tag>
<tag>Setter</tag>
<doc>Simulates mouse click on the element found by ``selector``.</doc>
<msg timestamp="20260429 08:59:31.127" level="INFO">Clicks the element 'xpath=//button[contains(text(), 'Calculate')]'.</msg>
<status status="PASS" starttime="20260429 08:59:31.127" endtime="20260429 08:59:31.149"/>
</kw>
<kw name="Get Text" library="Browser">
<arg>${RESULT_PRICE}</arg>
<arg>contains</arg>
<arg>${expected}</arg>
<tag>Assertion</tag>
<tag>Getter</tag>
<tag>PageContent</tag>
<doc>Returns text attribute of the element found by ``selector``.</doc>
<msg timestamp="20260429 08:59:31.479" level="INFO">Text: '12.00€'</msg>
<status status="PASS" starttime="20260429 08:59:31.149" endtime="20260429 08:59:31.479"/>
</kw>
<kw name="Sleep" library="BuiltIn">
<arg>1s</arg>
<doc>Pauses the test executed for the given time.</doc>
<msg timestamp="20260429 08:59:32.480" level="INFO">Slept 1 second</msg>
<status status="PASS" starttime="20260429 08:59:31.479" endtime="20260429 08:59:32.480"/>
</kw>
<status status="PASS" starttime="20260429 08:59:31.062" endtime="20260429 08:59:32.480"/>
</kw>
<status status="PASS" starttime="20260429 08:59:31.059" endtime="20260429 08:59:32.480"/>
</test>
<test id="s1-t4" name="TC-04 Per week" line="20">
<kw name="Calculate Parking Price Template">
<arg>Long-Term Garage Parking</arg>
<arg>2026-05-01</arg>
<arg>10:00</arg>
<arg>2026-05-08</arg>
<arg>10:00</arg>
<arg>72.00€</arg>
<kw name="Select Options By" library="Browser">
<arg>${PARKING_LOT_SELECT}</arg>
<arg>label</arg>
<arg>${parking_type}</arg>
<tag>PageContent</tag>
<tag>Setter</tag>
<doc>Selects options from select element found by ``selector``.</doc>
<msg timestamp="20260429 08:59:32.488" level="INFO">Selects the option(s) Long-Term Garage Parking by attribute SelectAttribute.label from element id=parkingLot.</msg>
<status status="PASS" starttime="20260429 08:59:32.488" endtime="20260429 08:59:32.500"/>
</kw>
<kw name="Fill Text" library="Browser">
<arg>${ENTRY_DATE}</arg>
<arg>${entry_d}</arg>
<tag>PageContent</tag>
<tag>Setter</tag>
<doc>Clears and fills the given ``txt`` into the text field found by ``selector``.</doc>
<msg timestamp="20260429 08:59:32.500" level="INFO">Fills the text '2026-05-01' in the given field.</msg>
<status status="PASS" starttime="20260429 08:59:32.500" endtime="20260429 08:59:32.509"/>
</kw>
<kw name="Fill Text" library="Browser">
<arg>${ENTRY_TIME}</arg>
<arg>${entry_t}</arg>
<tag>PageContent</tag>
<tag>Setter</tag>
<doc>Clears and fills the given ``txt`` into the text field found by ``selector``.</doc>
<msg timestamp="20260429 08:59:32.510" level="INFO">Fills the text '10:00' in the given field.</msg>
<status status="PASS" starttime="20260429 08:59:32.509" endtime="20260429 08:59:32.522"/>
</kw>
<kw name="Fill Text" library="Browser">
<arg>${EXIT_DATE}</arg>
<arg>${exit_d}</arg>
<tag>PageContent</tag>
<tag>Setter</tag>
<doc>Clears and fills the given ``txt`` into the text field found by ``selector``.</doc>
<msg timestamp="20260429 08:59:32.523" level="INFO">Fills the text '2026-05-08' in the given field.</msg>
<status status="PASS" starttime="20260429 08:59:32.523" endtime="20260429 08:59:32.534"/>
</kw>
<kw name="Fill Text" library="Browser">
<arg>${EXIT_TIME}</arg>
<arg>${exit_t}</arg>
<tag>PageContent</tag>
<tag>Setter</tag>
<doc>Clears and fills the given ``txt`` into the text field found by ``selector``.</doc>
<msg timestamp="20260429 08:59:32.535" level="INFO">Fills the text '10:00' in the given field.</msg>
<status status="PASS" starttime="20260429 08:59:32.535" endtime="20260429 08:59:32.547"/>
</kw>
<kw name="Click" library="Browser">
<arg>${CALCULATE_BTN}</arg>
<tag>PageContent</tag>
<tag>Setter</tag>
<doc>Simulates mouse click on the element found by ``selector``.</doc>
<msg timestamp="20260429 08:59:32.548" level="INFO">Clicks the element 'xpath=//button[contains(text(), 'Calculate')]'.</msg>
<status status="PASS" starttime="20260429 08:59:32.547" endtime="20260429 08:59:32.571"/>
</kw>
<kw name="Get Text" library="Browser">
<arg>${RESULT_PRICE}</arg>
<arg>contains</arg>
<arg>${expected}</arg>
<tag>Assertion</tag>
<tag>Getter</tag>
<tag>PageContent</tag>
<doc>Returns text attribute of the element found by ``selector``.</doc>
<msg timestamp="20260429 08:59:32.900" level="INFO">Text: '72.00€'</msg>
<status status="PASS" starttime="20260429 08:59:32.571" endtime="20260429 08:59:32.900"/>
</kw>
<kw name="Sleep" library="BuiltIn">
<arg>1s</arg>
<doc>Pauses the test executed for the given time.</doc>
<msg timestamp="20260429 08:59:33.901" level="INFO">Slept 1 second</msg>
<status status="PASS" starttime="20260429 08:59:32.900" endtime="20260429 08:59:33.901"/>
</kw>
<status status="PASS" starttime="20260429 08:59:32.487" endtime="20260429 08:59:33.901"/>
</kw>
<status status="PASS" starttime="20260429 08:59:32.485" endtime="20260429 08:59:33.901"/>
</test>
<status status="PASS" starttime="20260429 08:59:20.843" endtime="20260429 08:59:33.906"/>
</suite>
<statistics>
<total>
<stat pass="4" fail="0" skip="0">All Tests</stat>
</total>
<tag>
</tag>
<suite>
<stat pass="4" fail="0" skip="0" id="s1" name="Pratice3">Pratice3</stat>
</suite>
</statistics>
<errors>
</errors>
</robot>
